<?xml version="1.0" encoding="UTF-8"?>
<!-- Generated by org.testng.reporters.JUnitReportReporter -->
<testsuite hostname="DESKTOP-ATPU6BA" failures="0" tests="1" name="POM.TestClassUsingTNG" time="0.018" errors="0" timestamp="2022-06-23T22:37:36 IST" skipped="0">
  <testcase classname="POM.TestClassUsingTNG" name="vaerifyUserID" time="0.018"/>
  <system-out/>
</testsuite> <!-- POM.TestClassUsingTNG -->
