<?xml version="1.0" encoding="UTF-8"?>
<!-- Generated by org.testng.reporters.JUnitReportReporter -->
<testsuite hostname="DESKTOP-ATPU6BA" failures="0" tests="3" name="testNGKeyword.priorityUse" time="0.004" errors="0" timestamp="2022-06-21T12:41:37 IST" skipped="0">
  <testcase classname="testNGKeyword.priorityUse" name="A" time="0.000"/>
  <system-out>
    <![CDATA[A is running]]>
  </system-out>
  <testcase classname="testNGKeyword.priorityUse" name="H" time="0.002"/>
  <system-out>
    <![CDATA[h is runninf]]>
  </system-out>
  <testcase classname="testNGKeyword.priorityUse" name="B" time="0.002"/>
  <system-out>
    <![CDATA[B is running]]>
  </system-out>
</testsuite> <!-- testNGKeyword.priorityUse -->
