<?xml version="1.0" encoding="UTF-8"?>
<!-- Generated by org.testng.reporters.JUnitReportReporter -->
<testsuite hostname="DESKTOP-ATPU6BA" failures="0" tests="2" name="TestNgNew.normalClass" time="12.394" errors="0" timestamp="2022-06-10T11:27:18 IST" skipped="0">
  <testcase classname="TestNgNew.normalClass" name="mymethod1" time="2.569"/>
  <system-out>
    <![CDATA[my method is running]]>
  </system-out>
  <testcase classname="TestNgNew.normalClass" name="Mymethod2" time="9.825"/>
  <system-out/>
</testsuite> <!-- TestNgNew.normalClass -->
