<?xml version="1.0" encoding="UTF-8"?>
<!-- Generated by org.testng.reporters.JUnitReportReporter -->
<testsuite hostname="DESKTOP-ATPU6BA" failures="0" tests="1" name="testNGKeyword.MyTest" time="0.019" errors="0" timestamp="2022-06-21T12:41:37 IST" skipped="0">
  <testcase classname="testNGKeyword.MyTest" name="mythodsD" time="0.019"/>
  <system-out>
    <![CDATA[D is running]]>
  </system-out>
</testsuite> <!-- testNGKeyword.MyTest -->
