<?xml version="1.0" encoding="UTF-8"?>
<!-- Generated by org.testng.reporters.JUnitReportReporter -->
<testsuite hostname="DESKTOP-ATPU6BA" failures="0" tests="3" name="groupingUse.GroupTest2" time="0.026" errors="0" timestamp="2022-06-22T06:41:08 IST" skipped="0">
  <testcase classname="groupingUse.GroupTest2" name="TC6" time="0.002"/>
  <system-out>
    <![CDATA[TC6 regression Running]]>
  </system-out>
  <testcase classname="groupingUse.GroupTest2" name="TC10" time="0.016"/>
  <system-out>
    <![CDATA[TC10 Running]]>
  </system-out>
  <testcase classname="groupingUse.GroupTest2" name="TC8" time="0.008"/>
  <system-out>
    <![CDATA[TC8 regression Running]]>
  </system-out>
</testsuite> <!-- groupingUse.GroupTest2 -->
