<?xml version="1.0" encoding="UTF-8"?>
<!-- Generated by org.testng.reporters.JUnitReportReporter -->
<testsuite hostname="DESKTOP-ATPU6BA" failures="0" tests="2" name="TestNgNew.Annotationstudy" time="0.011" errors="0" timestamp="2022-06-10T11:54:34 IST" skipped="0">
  <testcase classname="TestNgNew.Annotationstudy" name="myTest" time="0.009"/>
  <system-out>
    <![CDATA[Test method is running]]>
  </system-out>
  <testcase classname="TestNgNew.Annotationstudy" name="myTest1" time="0.002"/>
  <system-out>
    <![CDATA[Test method 1 is running]]>
  </system-out>
</testsuite> <!-- TestNgNew.Annotationstudy -->
