<?xml version="1.0" encoding="UTF-8"?>
<!-- Generated by org.testng.reporters.JUnitReportReporter -->
<testsuite hostname="DESKTOP-ATPU6BA" failures="0" tests="1" name="testTCExucation.parallel3" time="6.748" errors="0" timestamp="2022-06-22T11:49:23 IST" skipped="0">
  <testcase classname="testTCExucation.parallel3" name="Mymethod3" time="6.748"/>
  <system-out>
    <![CDATA[Mymethod1 is running]]>
  </system-out>
</testsuite> <!-- testTCExucation.parallel3 -->
