<?xml version="1.0" encoding="UTF-8"?>
<!-- Generated by org.testng.reporters.JUnitReportReporter -->
<testsuite hostname="DESKTOP-ATPU6BA" failures="0" tests="3" name="groupingUse.GroupTest1" time="0.004" errors="0" timestamp="2022-06-22T06:41:08 IST" skipped="0">
  <testcase classname="groupingUse.GroupTest1" name="TC3" time="0.002"/>
  <system-out>
    <![CDATA[TC3 regression Running]]>
  </system-out>
  <testcase classname="groupingUse.GroupTest1" name="TC1" time="0.001"/>
  <system-out>
    <![CDATA[TC1 regression Running]]>
  </system-out>
  <testcase classname="groupingUse.GroupTest1" name="TC5" time="0.001"/>
  <system-out>
    <![CDATA[TC5 Running]]>
  </system-out>
</testsuite> <!-- groupingUse.GroupTest1 -->
