<?xml version="1.0" encoding="UTF-8"?>
<!-- Generated by org.testng.reporters.JUnitReportReporter -->
<testsuite hostname="DESKTOP-ATPU6BA" failures="0" tests="3" name="xmlStudy.myNewTest" time="0.011" errors="0" timestamp="2022-06-21T11:44:18 IST" skipped="0">
  <testcase classname="xmlStudy.myNewTest" name="mymethodA" time="0.009"/>
  <system-out>
    <![CDATA[mymethod A is running ]]>
  </system-out>
  <testcase classname="xmlStudy.myNewTest" name="mymethodC" time="0.001"/>
  <system-out>
    <![CDATA[mymethod C is running]]>
  </system-out>
  <testcase classname="xmlStudy.myNewTest" name="mymethodE" time="0.001"/>
  <system-out>
    <![CDATA[mymethod E is running]]>
  </system-out>
</testsuite> <!-- xmlStudy.myNewTest -->
