<?xml version="1.0" encoding="UTF-8"?>
<!-- Generated by org.testng.reporters.JUnitReportReporter -->
<testsuite hostname="DESKTOP-ATPU6BA" failures="0" tests="8" name="xmlStudy.NmyNewTest1" time="0.015" errors="0" timestamp="2022-06-21T11:24:44 IST" skipped="0">
  <testcase classname="xmlStudy.NmyNewTest1" name="mymethodD" time="0.001"/>
  <system-out>
    <![CDATA[mymethod D is running]]>
  </system-out>
  <testcase classname="xmlStudy.NmyNewTest1" name="mymethodA" time="0.007"/>
  <system-out>
    <![CDATA[mymethod A is running ]]>
  </system-out>
  <testcase classname="xmlStudy.NmyNewTest1" name="mymethodG" time="0.001"/>
  <system-out>
    <![CDATA[mymethod G is running ]]>
  </system-out>
  <testcase classname="xmlStudy.NmyNewTest1" name="mymethodE" time="0.001"/>
  <system-out>
    <![CDATA[mymethod E is running]]>
  </system-out>
  <testcase classname="xmlStudy.NmyNewTest1" name="mymethodI" time="0.000"/>
  <system-out>
    <![CDATA[mymethod I is running]]>
  </system-out>
  <testcase classname="xmlStudy.NmyNewTest1" name="mymethodF" time="0.001"/>
  <system-out>
    <![CDATA[mymethod F is running ]]>
  </system-out>
  <testcase classname="xmlStudy.NmyNewTest1" name="mymethodB" time="0.002"/>
  <system-out>
    <![CDATA[mymethod B is running ]]>
  </system-out>
  <testcase classname="xmlStudy.NmyNewTest1" name="mymethodC" time="0.002"/>
  <system-out>
    <![CDATA[mymethod C is running]]>
  </system-out>
</testsuite> <!-- xmlStudy.NmyNewTest1 -->
