<?xml version="1.0" encoding="UTF-8"?>
<!-- Generated by org.testng.reporters.JUnitReportReporter -->
<testsuite hostname="DESKTOP-ATPU6BA" failures="0" tests="2" name="AnnotationUse.Annotationstudy" time="0.027" errors="0" timestamp="2022-06-20T14:49:58 IST" skipped="0">
  <testcase classname="AnnotationUse.Annotationstudy" name="myTest" time="0.024"/>
  <system-out>
    <![CDATA[Test method is running]]>
  </system-out>
  <testcase classname="AnnotationUse.Annotationstudy" name="myTest1" time="0.003"/>
  <system-out>
    <![CDATA[Test method 1 is running]]>
  </system-out>
</testsuite> <!-- AnnotationUse.Annotationstudy -->
