<?xml version="1.0" encoding="UTF-8"?>
<!-- Generated by org.testng.reporters.JUnitReportReporter -->
<testsuite hostname="DESKTOP-ATPU6BA" failures="0" tests="2" name="testNGKeyword.invocationCountStudy" time="0.003" errors="0" timestamp="2022-06-21T11:37:43 IST" skipped="0">
  <testcase classname="testNGKeyword.invocationCountStudy" name="Mymethod" time="0.001"/>
  <system-out>
    <![CDATA[Mymethod is running]]>
  </system-out>
  <testcase classname="testNGKeyword.invocationCountStudy" name="Mymethod" time="0.002"/>
  <system-out>
    <![CDATA[Mymethod is running]]>
  </system-out>
</testsuite> <!-- testNGKeyword.invocationCountStudy -->
