<?xml version="1.0" encoding="UTF-8"?>
<!-- Generated by org.testng.reporters.JUnitReportReporter -->
<testsuite hostname="DESKTOP-ATPU6BA" failures="0" tests="2" name="testngTest" time="57.221" errors="0" timestamp="2022-06-09T23:13:01 IST" skipped="0">
  <testcase classname="testngTest" name="mymethod1" time="21.325"/>
  <system-out>
    <![CDATA[my method is running]]>
  </system-out>
  <testcase classname="testngTest" name="Mymethod2" time="35.896"/>
  <system-out/>
</testsuite> <!-- testngTest -->
