<?xml version="1.0" encoding="UTF-8"?>
<!-- Generated by org.testng.reporters.JUnitReportReporter -->
<testsuite hostname="DESKTOP-ATPU6BA" failures="0" tests="4" name="testNGKeyword.enableUse" time="0.021" errors="0" timestamp="2022-06-21T11:37:43 IST" skipped="1">
  <testcase classname="testNGKeyword.enableUse" name="TC4" time="0.002"/>
  <system-out>
    <![CDATA[running TC4]]>
  </system-out>
  <testcase classname="testNGKeyword.enableUse" name="TC3" time="0.002"/>
  <system-out>
    <![CDATA[Running TC3]]>
  </system-out>
  <testcase classname="testNGKeyword.enableUse" name="TC1" time="0.017"/>
  <system-out>
    <![CDATA[Running TC1]]>
  </system-out>
  <testcase classname="testNGKeyword.enableUse" name="TC2">
    <skipped/>
  </testcase> <!-- TC2 -->
  <system-out/>
</testsuite> <!-- testNGKeyword.enableUse -->
